BeaconDetector/app/build/intermediates/manifest_merge_blame_file/debug/manifest-merger-blame-debug-report.txt
1<?xml version="1.0" encoding="utf-8"?>
2<manifest xmlns:android="http://schemas.android.com/apk/res/android"
3    package="ch.heia.mobiledev.uribeacon"
4    android:versionCode="2"
5    android:versionName="2.0" >
6
7    <uses-sdk
8        android:minSdkVersion="23"
8-->src/main/AndroidManifest.xml
9        android:targetSdkVersion="28" />
9-->src/main/AndroidManifest.xml
10
11    <uses-permission android:name="android.permission.BLUETOOTH" />
11-->src/main/AndroidManifest.xml:4:5-67
11-->src/main/AndroidManifest.xml:4:22-65
12    <uses-permission android:name="android.permission.BLUETOOTH_ADMIN" />
12-->src/main/AndroidManifest.xml:5:5-73
12-->src/main/AndroidManifest.xml:5:22-71
13    <uses-permission android:name="android.permission.ACCESS_FINE_LOCATION" />
13-->src/main/AndroidManifest.xml:6:5-78
13-->src/main/AndroidManifest.xml:6:22-76
14    <uses-permission android:name="android.permission.INTERNET" />
14-->src/main/AndroidManifest.xml:7:5-66
14-->src/main/AndroidManifest.xml:7:22-64
15    <uses-permission android:name="android.permission.ACCESS_WIFI_STATE" />
15-->src/main/AndroidManifest.xml:8:5-75
15-->src/main/AndroidManifest.xml:8:22-73
16    <uses-permission android:name="android.permission.CHANGE_WIFI_STATE" />
16-->src/main/AndroidManifest.xml:9:5-75
16-->src/main/AndroidManifest.xml:9:22-73
17
18    <meta-data
18-->[com.android.support:appcompat-v7:25.3.1] AndroidManifest.xml:25:5-27:34
19        android:name="android.support.VERSION"
19-->[com.android.support:appcompat-v7:25.3.1] AndroidManifest.xml:26:9-47
20        android:value="25.3.1" />
20-->[com.android.support:appcompat-v7:25.3.1] AndroidManifest.xml:27:9-31
21
22    <application
22-->src/main/AndroidManifest.xml:11:5-28:19
23        android:allowBackup="true"
23-->src/main/AndroidManifest.xml:12:9-35
24        android:debuggable="true"
25        android:extractNativeLibs="false"
26        android:icon="@mipmap/ic_launcher"
26-->src/main/AndroidManifest.xml:13:9-43
27        android:label="@string/app_name"
27-->src/main/AndroidManifest.xml:14:9-41
28        android:supportsRtl="true"
28-->src/main/AndroidManifest.xml:15:9-35
29        android:testOnly="true"
30        android:theme="@style/AppTheme" >
30-->src/main/AndroidManifest.xml:16:9-40
31        <activity
31-->src/main/AndroidManifest.xml:18:9-27:20
32            android:name="ch.heia.mobiledev.beacondetector.BeaconActivity"
32-->src/main/AndroidManifest.xml:19:13-43
33            android:configChanges="orientation|keyboardHidden"
33-->src/main/AndroidManifest.xml:22:13-63
34            android:label="@string/app_name"
34-->src/main/AndroidManifest.xml:20:13-45
35            android:screenOrientation="portrait" >
35-->src/main/AndroidManifest.xml:21:13-49
36            <intent-filter>
36-->src/main/AndroidManifest.xml:23:13-26:29
37                <action android:name="android.intent.action.MAIN" />
37-->src/main/AndroidManifest.xml:24:17-69
37-->src/main/AndroidManifest.xml:24:25-66
38
39                <category android:name="android.intent.category.LAUNCHER" />
39-->src/main/AndroidManifest.xml:25:17-77
39-->src/main/AndroidManifest.xml:25:27-74
40            </intent-filter>
41        </activity>
42    </application>
43
44</manifest>